2017-01-16 21:49:58,056 [MainThread  ] [INFO ]  ------------------------------------------------------------------
2017-01-16 21:49:58,056 [MainThread  ] [INFO ]  ::                     HORUS NER 0.1 alpha                      ::
2017-01-16 21:49:58,057 [MainThread  ] [INFO ]  ------------------------------------------------------------------
2017-01-16 21:49:58,057 [MainThread  ] [INFO ]  :: loading components...
2017-01-16 21:49:58,057 [MainThread  ] [INFO ]  :: loading horus ORG model
2017-01-16 21:49:58,058 [MainThread  ] [INFO ]  :: loading horus ORG vocabulary
2017-01-16 21:49:58,058 [MainThread  ] [INFO ]  :: loading horus LOC models
2017-01-16 21:49:58,066 [MainThread  ] [INFO ]  :: loading horus ORG vocabularies
2017-01-16 21:49:58,074 [MainThread  ] [INFO ]  :: loading horus text analysis model
2017-01-16 21:49:58,799 [MainThread  ] [INFO ]  :: checking NLTK models ...
2017-01-16 21:50:03,208 [MainThread  ] [INFO ]  :: done!
2017-01-16 21:50:03,208 [MainThread  ] [INFO ]  :: connecting to horus db...
2017-01-16 21:50:03,208 [MainThread  ] [INFO ]  :: done
2017-01-16 21:53:57,603 [MainThread  ] [INFO ]  ------------------------------------------------------------------
2017-01-16 21:53:57,603 [MainThread  ] [INFO ]  ::                     HORUS NER 0.1 alpha                      ::
2017-01-16 21:53:57,603 [MainThread  ] [INFO ]  ------------------------------------------------------------------
2017-01-16 21:53:57,603 [MainThread  ] [INFO ]  :: loading components...
2017-01-16 21:53:57,603 [MainThread  ] [INFO ]  :: loading horus ORG model
2017-01-16 21:53:57,605 [MainThread  ] [INFO ]  :: loading horus ORG vocabulary
2017-01-16 21:53:57,606 [MainThread  ] [INFO ]  :: loading horus LOC models
2017-01-16 21:53:57,617 [MainThread  ] [INFO ]  :: loading horus ORG vocabularies
2017-01-16 21:53:57,626 [MainThread  ] [INFO ]  :: loading horus text analysis model
2017-01-16 21:53:58,318 [MainThread  ] [INFO ]  :: checking NLTK models ...
2017-01-16 21:53:58,925 [MainThread  ] [INFO ]  :: done!
2017-01-16 21:53:58,925 [MainThread  ] [INFO ]  :: connecting to horus db...
2017-01-16 21:53:58,925 [MainThread  ] [INFO ]  :: done
2017-01-16 21:54:59,282 [MainThread  ] [INFO ]  ------------------------------------------------------------------
2017-01-16 21:54:59,282 [MainThread  ] [INFO ]  ::                     HORUS NER 0.1 alpha                      ::
2017-01-16 21:54:59,282 [MainThread  ] [INFO ]  ------------------------------------------------------------------
2017-01-16 21:54:59,282 [MainThread  ] [INFO ]  :: loading components...
2017-01-16 21:54:59,282 [MainThread  ] [INFO ]  :: loading horus ORG model
2017-01-16 21:54:59,283 [MainThread  ] [INFO ]  :: loading horus ORG vocabulary
2017-01-16 21:54:59,284 [MainThread  ] [INFO ]  :: loading horus LOC models
2017-01-16 21:54:59,292 [MainThread  ] [INFO ]  :: loading horus ORG vocabularies
2017-01-16 21:54:59,297 [MainThread  ] [INFO ]  :: loading horus text analysis model
2017-01-16 21:55:00,059 [MainThread  ] [INFO ]  :: checking NLTK models ...
2017-01-16 21:55:00,564 [MainThread  ] [INFO ]  :: done!
2017-01-16 21:55:00,564 [MainThread  ] [INFO ]  :: connecting to horus db...
2017-01-16 21:55:00,565 [MainThread  ] [INFO ]  :: done
2017-01-16 21:56:34,260 [MainThread  ] [INFO ]  ------------------------------------------------------------------
2017-01-16 21:56:34,260 [MainThread  ] [INFO ]  ::                     HORUS NER 0.1 alpha                      ::
2017-01-16 21:56:34,260 [MainThread  ] [INFO ]  ------------------------------------------------------------------
2017-01-16 21:56:34,260 [MainThread  ] [INFO ]  :: loading components...
2017-01-16 21:56:34,260 [MainThread  ] [INFO ]  :: loading horus ORG model
2017-01-16 21:56:34,261 [MainThread  ] [INFO ]  :: loading horus ORG vocabulary
2017-01-16 21:56:34,262 [MainThread  ] [INFO ]  :: loading horus LOC models
2017-01-16 21:56:34,270 [MainThread  ] [INFO ]  :: loading horus ORG vocabularies
2017-01-16 21:56:34,275 [MainThread  ] [INFO ]  :: loading horus text analysis model
2017-01-16 21:56:34,982 [MainThread  ] [INFO ]  :: checking NLTK models ...
2017-01-16 21:56:36,129 [MainThread  ] [INFO ]  :: done!
2017-01-16 21:56:36,129 [MainThread  ] [INFO ]  :: connecting to horus db...
2017-01-16 21:56:36,129 [MainThread  ] [INFO ]  :: done
2017-01-16 21:59:18,569 [MainThread  ] [INFO ]  ------------------------------------------------------------------
2017-01-16 21:59:18,569 [MainThread  ] [INFO ]  ::                     HORUS NER 0.1 alpha                      ::
2017-01-16 21:59:18,569 [MainThread  ] [INFO ]  ------------------------------------------------------------------
2017-01-16 21:59:18,569 [MainThread  ] [INFO ]  :: loading components...
2017-01-16 21:59:18,569 [MainThread  ] [INFO ]  :: loading horus ORG model
2017-01-16 21:59:18,570 [MainThread  ] [INFO ]  :: loading horus ORG vocabulary
2017-01-16 21:59:18,571 [MainThread  ] [INFO ]  :: loading horus LOC models
2017-01-16 21:59:18,580 [MainThread  ] [INFO ]  :: loading horus ORG vocabularies
2017-01-16 21:59:18,585 [MainThread  ] [INFO ]  :: loading horus text analysis model
2017-01-16 21:59:19,387 [MainThread  ] [INFO ]  :: checking NLTK models ...
2017-01-16 21:59:22,702 [MainThread  ] [INFO ]  :: done!
2017-01-16 21:59:22,702 [MainThread  ] [INFO ]  :: connecting to horus db...
2017-01-16 21:59:22,702 [MainThread  ] [INFO ]  :: done
2017-01-16 21:59:45,209 [MainThread  ] [INFO ]  ------------------------------------------------------------------
2017-01-16 21:59:45,209 [MainThread  ] [INFO ]  ::                     HORUS NER 0.1 alpha                      ::
2017-01-16 21:59:45,210 [MainThread  ] [INFO ]  ------------------------------------------------------------------
2017-01-16 21:59:45,210 [MainThread  ] [INFO ]  :: loading components...
2017-01-16 21:59:45,210 [MainThread  ] [INFO ]  :: loading horus ORG model
2017-01-16 21:59:45,211 [MainThread  ] [INFO ]  :: loading horus ORG vocabulary
2017-01-16 21:59:45,211 [MainThread  ] [INFO ]  :: loading horus LOC models
2017-01-16 21:59:45,220 [MainThread  ] [INFO ]  :: loading horus ORG vocabularies
2017-01-16 21:59:45,224 [MainThread  ] [INFO ]  :: loading horus text analysis model
2017-01-16 21:59:45,963 [MainThread  ] [INFO ]  :: checking NLTK models ...
2017-01-16 21:59:50,306 [MainThread  ] [INFO ]  :: done!
2017-01-16 21:59:50,306 [MainThread  ] [INFO ]  :: connecting to horus db...
2017-01-16 21:59:50,307 [MainThread  ] [INFO ]  :: done
2017-01-16 22:13:45,577 [MainThread  ] [INFO ]  ------------------------------------------------------------------
2017-01-16 22:13:45,577 [MainThread  ] [INFO ]  ::                     HORUS NER 0.1 alpha                      ::
2017-01-16 22:13:45,577 [MainThread  ] [INFO ]  ------------------------------------------------------------------
2017-01-16 22:13:45,577 [MainThread  ] [INFO ]  :: loading components...
2017-01-16 22:13:45,577 [MainThread  ] [INFO ]  :: loading horus ORG model
2017-01-16 22:13:45,578 [MainThread  ] [INFO ]  :: loading horus ORG vocabulary
2017-01-16 22:13:45,579 [MainThread  ] [INFO ]  :: loading horus LOC models
2017-01-16 22:13:45,588 [MainThread  ] [INFO ]  :: loading horus ORG vocabularies
2017-01-16 22:13:45,593 [MainThread  ] [INFO ]  :: loading horus text analysis model
2017-01-16 22:13:46,351 [MainThread  ] [INFO ]  :: checking NLTK models ...
2017-01-16 22:13:48,322 [MainThread  ] [INFO ]  :: done!
2017-01-16 22:13:48,322 [MainThread  ] [INFO ]  :: connecting to horus db...
2017-01-16 22:13:48,322 [MainThread  ] [INFO ]  :: done
2017-01-16 22:15:33,342 [MainThread  ] [INFO ]  ------------------------------------------------------------------
2017-01-16 22:15:33,342 [MainThread  ] [INFO ]  ::                     HORUS NER 0.1 alpha                      ::
2017-01-16 22:15:33,342 [MainThread  ] [INFO ]  ------------------------------------------------------------------
2017-01-16 22:15:33,342 [MainThread  ] [INFO ]  :: loading components...
2017-01-16 22:15:33,342 [MainThread  ] [INFO ]  :: loading horus ORG model
2017-01-16 22:15:33,343 [MainThread  ] [INFO ]  :: loading horus ORG vocabulary
2017-01-16 22:15:33,343 [MainThread  ] [INFO ]  :: loading horus LOC models
2017-01-16 22:15:33,352 [MainThread  ] [INFO ]  :: loading horus ORG vocabularies
2017-01-16 22:15:33,356 [MainThread  ] [INFO ]  :: loading horus text analysis model
2017-01-16 22:15:34,074 [MainThread  ] [INFO ]  :: checking NLTK models ...
2017-01-16 22:15:34,546 [MainThread  ] [INFO ]  :: done!
2017-01-16 22:15:34,546 [MainThread  ] [INFO ]  :: connecting to horus db...
2017-01-16 22:15:34,546 [MainThread  ] [INFO ]  :: done
2017-01-16 22:15:41,522 [CP Server Th] [INFO ]  :: processing text
2017-01-16 22:15:41,522 [CP Server Th] [INFO ]  :: text: 
2017-01-16 22:15:41,522 [CP Server Th] [INFO ]  :: tokenizing sentences ...
2017-01-16 22:15:41,569 [CP Server Th] [INFO ]  :: processing 0 sentence(s).
2017-01-16 22:15:41,569 [CP Server Th] [INFO ]  :: caching 0 sentence(s)
2017-01-16 22:15:41,571 [CP Server Th] [INFO ]  :: done!
2017-01-16 22:15:41,572 [CP Server Th] [INFO ]  :: caching results...
2017-01-16 22:15:41,572 [CP Server Th] [INFO ]  :: caching horus_matrix: 0
2017-01-16 22:15:41,572 [CP Server Th] [INFO ]  :: done!
2017-01-16 22:15:41,572 [CP Server Th] [INFO ]  :: detecting 0 objects...
2017-01-16 22:15:41,572 [CP Server Th] [INFO ]  :: done!
2017-01-16 23:56:00,790 [CP Server Th] [INFO ]  ------------------------------------------------------------------
2017-01-16 23:56:00,791 [CP Server Th] [INFO ]  ::                            HORUS                             ::
2017-01-16 23:56:00,792 [CP Server Th] [INFO ]  ------------------------------------------------------------------
2017-01-16 23:56:00,792 [CP Server Th] [INFO ]  :: loading components...
2017-01-16 23:56:01,843 [CP Server Th] [INFO ]  :: processing text
2017-01-16 23:56:01,843 [CP Server Th] [INFO ]  :: text: 
2017-01-16 23:56:01,843 [CP Server Th] [INFO ]  :: tokenizing sentences ...
2017-01-16 23:56:01,887 [CP Server Th] [INFO ]  :: processing 0 sentence(s).
2017-01-16 23:56:01,887 [CP Server Th] [INFO ]  :: caching 0 sentence(s)
2017-01-16 23:56:01,889 [CP Server Th] [INFO ]  :: done!
2017-01-16 23:56:01,889 [CP Server Th] [INFO ]  :: caching results...
2017-01-16 23:56:01,889 [CP Server Th] [INFO ]  :: caching horus_matrix: 0
2017-01-16 23:56:01,889 [CP Server Th] [INFO ]  :: done!
2017-01-16 23:56:01,889 [CP Server Th] [INFO ]  :: detecting 0 objects...
2017-01-16 23:56:01,890 [CP Server Th] [INFO ]  :: done!
2017-01-16 23:56:01,890 [CP Server Th] [INFO ]  :: updating compounds...
2017-01-16 23:56:01,890 [CP Server Th] [INFO ]  :: updating compounds predictions
2017-01-16 23:56:01,890 [CP Server Th] [INFO ]  :: done
2017-01-16 23:56:01,890 [CP Server Th] [INFO ]  :: done!
2017-01-16 23:56:03,323 [CP Server Th] [INFO ]  ------------------------------------------------------------------
2017-01-16 23:56:03,323 [CP Server Th] [INFO ]  ------------------------------------------------------------------
2017-01-16 23:56:03,323 [CP Server Th] [INFO ]  ::                            HORUS                             ::
2017-01-16 23:56:03,323 [CP Server Th] [INFO ]  ::                            HORUS                             ::
2017-01-16 23:56:03,323 [CP Server Th] [INFO ]  ------------------------------------------------------------------
2017-01-16 23:56:03,323 [CP Server Th] [INFO ]  ------------------------------------------------------------------
2017-01-16 23:56:03,323 [CP Server Th] [INFO ]  :: loading components...
2017-01-16 23:56:03,323 [CP Server Th] [INFO ]  :: loading components...
2017-01-16 23:56:03,995 [CP Server Th] [INFO ]  :: processing text
2017-01-16 23:56:03,995 [CP Server Th] [INFO ]  :: processing text
2017-01-16 23:56:03,996 [CP Server Th] [INFO ]  :: text: 
2017-01-16 23:56:03,996 [CP Server Th] [INFO ]  :: text: 
2017-01-16 23:56:03,996 [CP Server Th] [INFO ]  :: tokenizing sentences ...
2017-01-16 23:56:03,996 [CP Server Th] [INFO ]  :: tokenizing sentences ...
2017-01-16 23:56:03,996 [CP Server Th] [INFO ]  :: processing 0 sentence(s).
2017-01-16 23:56:03,996 [CP Server Th] [INFO ]  :: processing 0 sentence(s).
2017-01-16 23:56:03,996 [CP Server Th] [INFO ]  :: caching 0 sentence(s)
2017-01-16 23:56:03,996 [CP Server Th] [INFO ]  :: caching 0 sentence(s)
2017-01-16 23:56:03,996 [CP Server Th] [INFO ]  :: done!
2017-01-16 23:56:03,996 [CP Server Th] [INFO ]  :: done!
2017-01-16 23:56:03,996 [CP Server Th] [INFO ]  :: caching results...
2017-01-16 23:56:03,996 [CP Server Th] [INFO ]  :: caching results...
2017-01-16 23:56:03,996 [CP Server Th] [INFO ]  :: caching horus_matrix: 0
2017-01-16 23:56:03,996 [CP Server Th] [INFO ]  :: caching horus_matrix: 0
2017-01-16 23:56:03,996 [CP Server Th] [INFO ]  :: done!
2017-01-16 23:56:03,996 [CP Server Th] [INFO ]  :: done!
2017-01-16 23:56:03,997 [CP Server Th] [INFO ]  :: detecting 0 objects...
2017-01-16 23:56:03,997 [CP Server Th] [INFO ]  :: detecting 0 objects...
2017-01-16 23:56:03,997 [CP Server Th] [INFO ]  :: done!
2017-01-16 23:56:03,997 [CP Server Th] [INFO ]  :: done!
2017-01-16 23:56:03,997 [CP Server Th] [INFO ]  :: updating compounds...
2017-01-16 23:56:03,997 [CP Server Th] [INFO ]  :: updating compounds...
2017-01-16 23:56:03,997 [CP Server Th] [INFO ]  :: updating compounds predictions
2017-01-16 23:56:03,997 [CP Server Th] [INFO ]  :: updating compounds predictions
2017-01-16 23:56:03,997 [CP Server Th] [INFO ]  :: done
2017-01-16 23:56:03,997 [CP Server Th] [INFO ]  :: done
2017-01-16 23:56:03,997 [CP Server Th] [INFO ]  :: done!
2017-01-16 23:56:03,997 [CP Server Th] [INFO ]  :: done!
2017-01-16 23:56:55,048 [CP Server Th] [INFO ]  ------------------------------------------------------------------
2017-01-16 23:56:55,048 [CP Server Th] [INFO ]  ------------------------------------------------------------------
2017-01-16 23:56:55,048 [CP Server Th] [INFO ]  ------------------------------------------------------------------
2017-01-16 23:56:55,048 [CP Server Th] [INFO ]  ::                            HORUS                             ::
2017-01-16 23:56:55,048 [CP Server Th] [INFO ]  ::                            HORUS                             ::
2017-01-16 23:56:55,048 [CP Server Th] [INFO ]  ::                            HORUS                             ::
2017-01-16 23:56:55,048 [CP Server Th] [INFO ]  ------------------------------------------------------------------
2017-01-16 23:56:55,048 [CP Server Th] [INFO ]  ------------------------------------------------------------------
2017-01-16 23:56:55,048 [CP Server Th] [INFO ]  ------------------------------------------------------------------
2017-01-16 23:56:55,048 [CP Server Th] [INFO ]  :: loading components...
2017-01-16 23:56:55,048 [CP Server Th] [INFO ]  :: loading components...
2017-01-16 23:56:55,048 [CP Server Th] [INFO ]  :: loading components...
2017-01-16 23:56:55,725 [CP Server Th] [INFO ]  :: processing text
2017-01-16 23:56:55,725 [CP Server Th] [INFO ]  :: processing text
2017-01-16 23:56:55,725 [CP Server Th] [INFO ]  :: processing text
2017-01-16 23:56:55,725 [CP Server Th] [INFO ]  :: text: diego
2017-01-16 23:56:55,725 [CP Server Th] [INFO ]  :: text: diego
2017-01-16 23:56:55,725 [CP Server Th] [INFO ]  :: text: diego
2017-01-16 23:56:55,726 [CP Server Th] [INFO ]  :: tokenizing sentences ...
2017-01-16 23:56:55,726 [CP Server Th] [INFO ]  :: tokenizing sentences ...
2017-01-16 23:56:55,726 [CP Server Th] [INFO ]  :: tokenizing sentences ...
2017-01-16 23:56:55,726 [CP Server Th] [INFO ]  :: processing 1 sentence(s).
2017-01-16 23:56:55,726 [CP Server Th] [INFO ]  :: processing 1 sentence(s).
2017-01-16 23:56:55,726 [CP Server Th] [INFO ]  :: processing 1 sentence(s).
2017-01-16 23:56:56,418 [CP Server Th] [INFO ]  :: caching 1 sentence(s)
2017-01-16 23:56:56,418 [CP Server Th] [INFO ]  :: caching 1 sentence(s)
2017-01-16 23:56:56,418 [CP Server Th] [INFO ]  :: caching 1 sentence(s)
2017-01-16 23:56:56,421 [CP Server Th] [INFO ]  :: done!
2017-01-16 23:56:56,421 [CP Server Th] [INFO ]  :: done!
2017-01-16 23:56:56,421 [CP Server Th] [INFO ]  :: done!
2017-01-16 23:56:56,421 [CP Server Th] [INFO ]  :: caching results...
2017-01-16 23:56:56,421 [CP Server Th] [INFO ]  :: caching results...
2017-01-16 23:56:56,421 [CP Server Th] [INFO ]  :: caching results...
2017-01-16 23:56:56,421 [CP Server Th] [INFO ]  :: caching horus_matrix: 1
2017-01-16 23:56:56,421 [CP Server Th] [INFO ]  :: caching horus_matrix: 1
2017-01-16 23:56:56,421 [CP Server Th] [INFO ]  :: caching horus_matrix: 1
2017-01-16 23:56:56,421 [CP Server Th] [INFO ]  :: item 1 - 1 
2017-01-16 23:56:56,421 [CP Server Th] [INFO ]  :: item 1 - 1 
2017-01-16 23:56:56,421 [CP Server Th] [INFO ]  :: item 1 - 1 
2017-01-16 23:56:56,440 [CP Server Th] [INFO ]  :: done!
2017-01-16 23:56:56,440 [CP Server Th] [INFO ]  :: done!
2017-01-16 23:56:56,440 [CP Server Th] [INFO ]  :: done!
2017-01-16 23:56:56,441 [CP Server Th] [INFO ]  :: detecting 1 objects...
2017-01-16 23:56:56,441 [CP Server Th] [INFO ]  :: detecting 1 objects...
2017-01-16 23:56:56,441 [CP Server Th] [INFO ]  :: detecting 1 objects...
2017-01-16 23:56:56,441 [CP Server Th] [INFO ]  :: processing item 1 of 1
2017-01-16 23:56:56,441 [CP Server Th] [INFO ]  :: processing item 1 of 1
2017-01-16 23:56:56,441 [CP Server Th] [INFO ]  :: processing item 1 of 1
2017-01-16 23:56:56,556 [CP Server Th] [INFO ]  :: done!
2017-01-16 23:56:56,556 [CP Server Th] [INFO ]  :: done!
2017-01-16 23:56:56,556 [CP Server Th] [INFO ]  :: done!
2017-01-16 23:56:56,556 [CP Server Th] [INFO ]  :: updating compounds...
2017-01-16 23:56:56,556 [CP Server Th] [INFO ]  :: updating compounds...
2017-01-16 23:56:56,556 [CP Server Th] [INFO ]  :: updating compounds...
2017-01-16 23:56:56,556 [CP Server Th] [INFO ]  :: updating compounds predictions
2017-01-16 23:56:56,556 [CP Server Th] [INFO ]  :: updating compounds predictions
2017-01-16 23:56:56,556 [CP Server Th] [INFO ]  :: updating compounds predictions
2017-01-16 23:56:56,557 [CP Server Th] [INFO ]  :: done
2017-01-16 23:56:56,557 [CP Server Th] [INFO ]  :: done
2017-01-16 23:56:56,557 [CP Server Th] [INFO ]  :: done
2017-01-16 23:56:56,557 [CP Server Th] [INFO ]  :: done!
2017-01-16 23:56:56,557 [CP Server Th] [INFO ]  :: done!
2017-01-16 23:56:56,557 [CP Server Th] [INFO ]  :: done!
2017-01-16 23:56:56,557 [CP Server Th] [INFO ]  :: sentence:  diego/NOUN/NN/PER
2017-01-16 23:56:56,557 [CP Server Th] [INFO ]  :: sentence:  diego/NOUN/NN/PER
2017-01-16 23:56:56,557 [CP Server Th] [INFO ]  :: sentence:  diego/NOUN/NN/PER
2017-01-16 23:56:56,557 [CP Server Th] [INFO ]  :: exporting metadata...
2017-01-16 23:56:56,557 [CP Server Th] [INFO ]  :: exporting metadata...
2017-01-16 23:56:56,557 [CP Server Th] [INFO ]  :: exporting metadata...
2017-01-16 23:57:02,262 [CP Server Th] [INFO ]  ------------------------------------------------------------------
2017-01-16 23:57:02,262 [CP Server Th] [INFO ]  ------------------------------------------------------------------
2017-01-16 23:57:02,262 [CP Server Th] [INFO ]  ------------------------------------------------------------------
2017-01-16 23:57:02,262 [CP Server Th] [INFO ]  ------------------------------------------------------------------
2017-01-16 23:57:02,262 [CP Server Th] [INFO ]  ::                            HORUS                             ::
2017-01-16 23:57:02,262 [CP Server Th] [INFO ]  ::                            HORUS                             ::
2017-01-16 23:57:02,262 [CP Server Th] [INFO ]  ::                            HORUS                             ::
2017-01-16 23:57:02,262 [CP Server Th] [INFO ]  ::                            HORUS                             ::
2017-01-16 23:57:02,262 [CP Server Th] [INFO ]  ------------------------------------------------------------------
2017-01-16 23:57:02,262 [CP Server Th] [INFO ]  ------------------------------------------------------------------
2017-01-16 23:57:02,262 [CP Server Th] [INFO ]  ------------------------------------------------------------------
2017-01-16 23:57:02,262 [CP Server Th] [INFO ]  ------------------------------------------------------------------
2017-01-16 23:57:02,262 [CP Server Th] [INFO ]  :: loading components...
2017-01-16 23:57:02,262 [CP Server Th] [INFO ]  :: loading components...
2017-01-16 23:57:02,262 [CP Server Th] [INFO ]  :: loading components...
2017-01-16 23:57:02,262 [CP Server Th] [INFO ]  :: loading components...
2017-01-16 23:57:02,923 [CP Server Th] [INFO ]  :: processing text
2017-01-16 23:57:02,923 [CP Server Th] [INFO ]  :: processing text
2017-01-16 23:57:02,923 [CP Server Th] [INFO ]  :: processing text
2017-01-16 23:57:02,923 [CP Server Th] [INFO ]  :: processing text
2017-01-16 23:57:02,923 [CP Server Th] [INFO ]  :: text: diego esteves
2017-01-16 23:57:02,923 [CP Server Th] [INFO ]  :: text: diego esteves
2017-01-16 23:57:02,923 [CP Server Th] [INFO ]  :: text: diego esteves
2017-01-16 23:57:02,923 [CP Server Th] [INFO ]  :: text: diego esteves
2017-01-16 23:57:02,924 [CP Server Th] [INFO ]  :: tokenizing sentences ...
2017-01-16 23:57:02,924 [CP Server Th] [INFO ]  :: tokenizing sentences ...
2017-01-16 23:57:02,924 [CP Server Th] [INFO ]  :: tokenizing sentences ...
2017-01-16 23:57:02,924 [CP Server Th] [INFO ]  :: tokenizing sentences ...
2017-01-16 23:57:02,924 [CP Server Th] [INFO ]  :: processing 1 sentence(s).
2017-01-16 23:57:02,924 [CP Server Th] [INFO ]  :: processing 1 sentence(s).
2017-01-16 23:57:02,924 [CP Server Th] [INFO ]  :: processing 1 sentence(s).
2017-01-16 23:57:02,924 [CP Server Th] [INFO ]  :: processing 1 sentence(s).
2017-01-16 23:57:02,926 [CP Server Th] [INFO ]  :: caching 1 sentence(s)
2017-01-16 23:57:02,926 [CP Server Th] [INFO ]  :: caching 1 sentence(s)
2017-01-16 23:57:02,926 [CP Server Th] [INFO ]  :: caching 1 sentence(s)
2017-01-16 23:57:02,926 [CP Server Th] [INFO ]  :: caching 1 sentence(s)
2017-01-16 23:57:02,928 [CP Server Th] [INFO ]  :: done!
2017-01-16 23:57:02,928 [CP Server Th] [INFO ]  :: done!
2017-01-16 23:57:02,928 [CP Server Th] [INFO ]  :: done!
2017-01-16 23:57:02,928 [CP Server Th] [INFO ]  :: done!
2017-01-16 23:57:02,928 [CP Server Th] [INFO ]  :: caching results...
2017-01-16 23:57:02,928 [CP Server Th] [INFO ]  :: caching results...
2017-01-16 23:57:02,928 [CP Server Th] [INFO ]  :: caching results...
2017-01-16 23:57:02,928 [CP Server Th] [INFO ]  :: caching results...
2017-01-16 23:57:02,928 [CP Server Th] [INFO ]  :: caching horus_matrix: 3
2017-01-16 23:57:02,928 [CP Server Th] [INFO ]  :: caching horus_matrix: 3
2017-01-16 23:57:02,928 [CP Server Th] [INFO ]  :: caching horus_matrix: 3
2017-01-16 23:57:02,928 [CP Server Th] [INFO ]  :: caching horus_matrix: 3
2017-01-16 23:57:02,928 [CP Server Th] [INFO ]  :: item 1 - 3 
2017-01-16 23:57:02,928 [CP Server Th] [INFO ]  :: item 1 - 3 
2017-01-16 23:57:02,928 [CP Server Th] [INFO ]  :: item 1 - 3 
2017-01-16 23:57:02,928 [CP Server Th] [INFO ]  :: item 1 - 3 
2017-01-16 23:57:02,940 [CP Server Th] [INFO ]  :: item 2 - 3 
2017-01-16 23:57:02,940 [CP Server Th] [INFO ]  :: item 2 - 3 
2017-01-16 23:57:02,940 [CP Server Th] [INFO ]  :: item 2 - 3 
2017-01-16 23:57:02,940 [CP Server Th] [INFO ]  :: item 2 - 3 
2017-01-16 23:57:02,948 [CP Server Th] [INFO ]  :: item 3 - 3 
2017-01-16 23:57:02,948 [CP Server Th] [INFO ]  :: item 3 - 3 
2017-01-16 23:57:02,948 [CP Server Th] [INFO ]  :: item 3 - 3 
2017-01-16 23:57:02,948 [CP Server Th] [INFO ]  :: item 3 - 3 
2017-01-16 23:57:02,957 [CP Server Th] [INFO ]  :: done!
2017-01-16 23:57:02,957 [CP Server Th] [INFO ]  :: done!
2017-01-16 23:57:02,957 [CP Server Th] [INFO ]  :: done!
2017-01-16 23:57:02,957 [CP Server Th] [INFO ]  :: done!
2017-01-16 23:57:02,957 [CP Server Th] [INFO ]  :: detecting 3 objects...
2017-01-16 23:57:02,957 [CP Server Th] [INFO ]  :: detecting 3 objects...
2017-01-16 23:57:02,957 [CP Server Th] [INFO ]  :: detecting 3 objects...
2017-01-16 23:57:02,957 [CP Server Th] [INFO ]  :: detecting 3 objects...
2017-01-16 23:57:02,958 [CP Server Th] [INFO ]  :: processing item 1 of 3
2017-01-16 23:57:02,958 [CP Server Th] [INFO ]  :: processing item 1 of 3
2017-01-16 23:57:02,958 [CP Server Th] [INFO ]  :: processing item 1 of 3
2017-01-16 23:57:02,958 [CP Server Th] [INFO ]  :: processing item 1 of 3
2017-01-16 23:57:03,093 [CP Server Th] [INFO ]  :: processing item 2 of 3
2017-01-16 23:57:03,093 [CP Server Th] [INFO ]  :: processing item 2 of 3
2017-01-16 23:57:03,093 [CP Server Th] [INFO ]  :: processing item 2 of 3
2017-01-16 23:57:03,093 [CP Server Th] [INFO ]  :: processing item 2 of 3
2017-01-16 23:57:03,240 [CP Server Th] [INFO ]  :: processing item 3 of 3
2017-01-16 23:57:03,240 [CP Server Th] [INFO ]  :: processing item 3 of 3
2017-01-16 23:57:03,240 [CP Server Th] [INFO ]  :: processing item 3 of 3
2017-01-16 23:57:03,240 [CP Server Th] [INFO ]  :: processing item 3 of 3
2017-01-16 23:57:03,371 [CP Server Th] [INFO ]  :: done!
2017-01-16 23:57:03,371 [CP Server Th] [INFO ]  :: done!
2017-01-16 23:57:03,371 [CP Server Th] [INFO ]  :: done!
2017-01-16 23:57:03,371 [CP Server Th] [INFO ]  :: done!
2017-01-16 23:57:03,372 [CP Server Th] [INFO ]  :: updating compounds...
2017-01-16 23:57:03,372 [CP Server Th] [INFO ]  :: updating compounds...
2017-01-16 23:57:03,372 [CP Server Th] [INFO ]  :: updating compounds...
2017-01-16 23:57:03,372 [CP Server Th] [INFO ]  :: updating compounds...
2017-01-16 23:57:03,372 [CP Server Th] [INFO ]  :: updating compounds predictions
2017-01-16 23:57:03,372 [CP Server Th] [INFO ]  :: updating compounds predictions
2017-01-16 23:57:03,372 [CP Server Th] [INFO ]  :: updating compounds predictions
2017-01-16 23:57:03,372 [CP Server Th] [INFO ]  :: updating compounds predictions
2017-01-16 23:57:03,372 [CP Server Th] [INFO ]  :: done
2017-01-16 23:57:03,372 [CP Server Th] [INFO ]  :: done
2017-01-16 23:57:03,372 [CP Server Th] [INFO ]  :: done
2017-01-16 23:57:03,372 [CP Server Th] [INFO ]  :: done
2017-01-16 23:57:03,372 [CP Server Th] [INFO ]  :: done!
2017-01-16 23:57:03,372 [CP Server Th] [INFO ]  :: done!
2017-01-16 23:57:03,372 [CP Server Th] [INFO ]  :: done!
2017-01-16 23:57:03,372 [CP Server Th] [INFO ]  :: done!
2017-01-16 23:57:03,372 [CP Server Th] [INFO ]  :: sentence:  diego/NOUN/NN/PER esteves/NOUN/NNS/PER
2017-01-16 23:57:03,372 [CP Server Th] [INFO ]  :: sentence:  diego/NOUN/NN/PER esteves/NOUN/NNS/PER
2017-01-16 23:57:03,372 [CP Server Th] [INFO ]  :: sentence:  diego/NOUN/NN/PER esteves/NOUN/NNS/PER
2017-01-16 23:57:03,372 [CP Server Th] [INFO ]  :: sentence:  diego/NOUN/NN/PER esteves/NOUN/NNS/PER
2017-01-16 23:57:03,372 [CP Server Th] [INFO ]  :: exporting metadata...
2017-01-16 23:57:03,372 [CP Server Th] [INFO ]  :: exporting metadata...
2017-01-16 23:57:03,372 [CP Server Th] [INFO ]  :: exporting metadata...
2017-01-16 23:57:03,372 [CP Server Th] [INFO ]  :: exporting metadata...
2017-01-16 23:58:02,816 [CP Server Th] [INFO ]  ------------------------------------------------------------------
2017-01-16 23:58:02,816 [CP Server Th] [INFO ]  ::                            HORUS                             ::
2017-01-16 23:58:02,816 [CP Server Th] [INFO ]  ------------------------------------------------------------------
2017-01-16 23:58:02,817 [CP Server Th] [INFO ]  :: loading components...
2017-01-16 23:58:05,583 [CP Server Th] [INFO ]  :: processing text
2017-01-16 23:58:05,584 [CP Server Th] [INFO ]  :: text: diego esteves
2017-01-16 23:58:05,584 [CP Server Th] [INFO ]  :: tokenizing sentences ...
2017-01-16 23:58:05,631 [CP Server Th] [INFO ]  :: processing 1 sentence(s).
2017-01-16 23:58:06,331 [CP Server Th] [INFO ]  :: caching 1 sentence(s)
2017-01-16 23:58:06,335 [CP Server Th] [INFO ]  :: done!
2017-01-16 23:58:06,335 [CP Server Th] [INFO ]  :: caching results...
2017-01-16 23:58:06,336 [CP Server Th] [INFO ]  :: caching horus_matrix: 3
2017-01-16 23:58:06,336 [CP Server Th] [INFO ]  :: item 1 - 3 
2017-01-16 23:58:06,346 [CP Server Th] [INFO ]  :: item 2 - 3 
2017-01-16 23:58:06,354 [CP Server Th] [INFO ]  :: item 3 - 3 
2017-01-16 23:58:06,365 [CP Server Th] [INFO ]  :: done!
2017-01-16 23:58:06,365 [CP Server Th] [INFO ]  :: detecting 3 objects...
2017-01-16 23:58:06,365 [CP Server Th] [INFO ]  :: processing item 1 of 3
2017-01-16 23:58:06,478 [CP Server Th] [INFO ]  :: processing item 2 of 3
2017-01-16 23:58:06,600 [CP Server Th] [INFO ]  :: processing item 3 of 3
2017-01-16 23:58:06,716 [CP Server Th] [INFO ]  :: done!
2017-01-16 23:58:06,717 [CP Server Th] [INFO ]  :: updating compounds...
2017-01-16 23:58:06,717 [CP Server Th] [INFO ]  :: updating compounds predictions
2017-01-16 23:58:06,717 [CP Server Th] [INFO ]  :: done
2017-01-16 23:58:06,717 [CP Server Th] [INFO ]  :: done!
2017-01-16 23:58:06,717 [CP Server Th] [INFO ]  :: sentence:  diego/NOUN/NN/PER esteves/NOUN/NNS/PER
2017-01-16 23:58:06,717 [CP Server Th] [INFO ]  :: exporting metadata...
2017-01-16 23:58:12,681 [CP Server Th] [INFO ]  ------------------------------------------------------------------
2017-01-16 23:58:12,681 [CP Server Th] [INFO ]  ------------------------------------------------------------------
2017-01-16 23:58:12,681 [CP Server Th] [INFO ]  ::                            HORUS                             ::
2017-01-16 23:58:12,681 [CP Server Th] [INFO ]  ::                            HORUS                             ::
2017-01-16 23:58:12,681 [CP Server Th] [INFO ]  ------------------------------------------------------------------
2017-01-16 23:58:12,681 [CP Server Th] [INFO ]  ------------------------------------------------------------------
2017-01-16 23:58:12,681 [CP Server Th] [INFO ]  :: loading components...
2017-01-16 23:58:12,681 [CP Server Th] [INFO ]  :: loading components...
2017-01-16 23:58:13,379 [CP Server Th] [INFO ]  :: processing text
2017-01-16 23:58:13,379 [CP Server Th] [INFO ]  :: processing text
2017-01-16 23:58:13,379 [CP Server Th] [INFO ]  :: text: rene speak
2017-01-16 23:58:13,379 [CP Server Th] [INFO ]  :: text: rene speak
2017-01-16 23:58:13,379 [CP Server Th] [INFO ]  :: tokenizing sentences ...
2017-01-16 23:58:13,379 [CP Server Th] [INFO ]  :: tokenizing sentences ...
2017-01-16 23:58:13,379 [CP Server Th] [INFO ]  :: processing 1 sentence(s).
2017-01-16 23:58:13,379 [CP Server Th] [INFO ]  :: processing 1 sentence(s).
2017-01-16 23:58:13,380 [CP Server Th] [INFO ]  :: caching 1 sentence(s)
2017-01-16 23:58:13,380 [CP Server Th] [INFO ]  :: caching 1 sentence(s)
2017-01-16 23:58:13,382 [CP Server Th] [INFO ]  :: caching sentence: rene speak
2017-01-16 23:58:13,382 [CP Server Th] [INFO ]  :: caching sentence: rene speak
2017-01-16 23:58:13,386 [CP Server Th] [INFO ]  :: done!
2017-01-16 23:58:13,386 [CP Server Th] [INFO ]  :: done!
2017-01-16 23:58:13,386 [CP Server Th] [INFO ]  :: caching results...
2017-01-16 23:58:13,386 [CP Server Th] [INFO ]  :: caching results...
2017-01-16 23:58:13,386 [CP Server Th] [INFO ]  :: caching horus_matrix: 3
2017-01-16 23:58:13,386 [CP Server Th] [INFO ]  :: caching horus_matrix: 3
2017-01-16 23:58:13,386 [CP Server Th] [INFO ]  :: item 1 - 3 
2017-01-16 23:58:13,386 [CP Server Th] [INFO ]  :: item 1 - 3 
2017-01-16 23:58:13,388 [CP Server Th] [INFO ]  :: [rene speak] has not been cached before!
2017-01-16 23:58:13,388 [CP Server Th] [INFO ]  :: [rene speak] has not been cached before!
2017-01-16 23:58:13,393 [CP Server Th] [INFO ]  :: [rene speak] caching - text
2017-01-16 23:58:13,393 [CP Server Th] [INFO ]  :: [rene speak] caching - text
2017-01-16 23:59:05,159 [CP Server Th] [INFO ]  ------------------------------------------------------------------
2017-01-16 23:59:05,159 [CP Server Th] [INFO ]  ------------------------------------------------------------------
2017-01-16 23:59:05,159 [CP Server Th] [INFO ]  ------------------------------------------------------------------
2017-01-16 23:59:05,160 [CP Server Th] [INFO ]  ::                            HORUS                             ::
2017-01-16 23:59:05,160 [CP Server Th] [INFO ]  ::                            HORUS                             ::
2017-01-16 23:59:05,160 [CP Server Th] [INFO ]  ::                            HORUS                             ::
2017-01-16 23:59:05,160 [CP Server Th] [INFO ]  ------------------------------------------------------------------
2017-01-16 23:59:05,160 [CP Server Th] [INFO ]  ------------------------------------------------------------------
2017-01-16 23:59:05,160 [CP Server Th] [INFO ]  ------------------------------------------------------------------
2017-01-16 23:59:05,160 [CP Server Th] [INFO ]  :: loading components...
2017-01-16 23:59:05,160 [CP Server Th] [INFO ]  :: loading components...
2017-01-16 23:59:05,160 [CP Server Th] [INFO ]  :: loading components...
2017-01-16 23:59:05,867 [CP Server Th] [INFO ]  :: processing text
2017-01-16 23:59:05,867 [CP Server Th] [INFO ]  :: processing text
2017-01-16 23:59:05,867 [CP Server Th] [INFO ]  :: processing text
2017-01-16 23:59:05,867 [CP Server Th] [INFO ]  :: text: rene speak
2017-01-16 23:59:05,867 [CP Server Th] [INFO ]  :: text: rene speak
2017-01-16 23:59:05,867 [CP Server Th] [INFO ]  :: text: rene speak
2017-01-16 23:59:05,867 [CP Server Th] [INFO ]  :: tokenizing sentences ...
2017-01-16 23:59:05,867 [CP Server Th] [INFO ]  :: tokenizing sentences ...
2017-01-16 23:59:05,867 [CP Server Th] [INFO ]  :: tokenizing sentences ...
2017-01-16 23:59:05,868 [CP Server Th] [INFO ]  :: processing 1 sentence(s).
2017-01-16 23:59:05,868 [CP Server Th] [INFO ]  :: processing 1 sentence(s).
2017-01-16 23:59:05,868 [CP Server Th] [INFO ]  :: processing 1 sentence(s).
2017-01-16 23:59:05,870 [CP Server Th] [INFO ]  :: caching 1 sentence(s)
2017-01-16 23:59:05,870 [CP Server Th] [INFO ]  :: caching 1 sentence(s)
2017-01-16 23:59:05,870 [CP Server Th] [INFO ]  :: caching 1 sentence(s)
2017-01-16 23:59:05,872 [CP Server Th] [INFO ]  :: done!
2017-01-16 23:59:05,872 [CP Server Th] [INFO ]  :: done!
2017-01-16 23:59:05,872 [CP Server Th] [INFO ]  :: done!
2017-01-16 23:59:05,872 [CP Server Th] [INFO ]  :: caching results...
2017-01-16 23:59:05,872 [CP Server Th] [INFO ]  :: caching results...
2017-01-16 23:59:05,872 [CP Server Th] [INFO ]  :: caching results...
2017-01-16 23:59:05,872 [CP Server Th] [INFO ]  :: caching horus_matrix: 3
2017-01-16 23:59:05,872 [CP Server Th] [INFO ]  :: caching horus_matrix: 3
2017-01-16 23:59:05,872 [CP Server Th] [INFO ]  :: caching horus_matrix: 3
2017-01-16 23:59:05,872 [CP Server Th] [INFO ]  :: item 1 - 3 
2017-01-16 23:59:05,872 [CP Server Th] [INFO ]  :: item 1 - 3 
2017-01-16 23:59:05,872 [CP Server Th] [INFO ]  :: item 1 - 3 
2017-01-16 23:59:05,874 [CP Server Th] [INFO ]  :: [rene speak] has not been cached before!
2017-01-16 23:59:05,874 [CP Server Th] [INFO ]  :: [rene speak] has not been cached before!
2017-01-16 23:59:05,874 [CP Server Th] [INFO ]  :: [rene speak] has not been cached before!
2017-01-16 23:59:05,879 [CP Server Th] [INFO ]  :: [rene speak] caching - text
2017-01-16 23:59:05,879 [CP Server Th] [INFO ]  :: [rene speak] caching - text
2017-01-16 23:59:05,879 [CP Server Th] [INFO ]  :: [rene speak] caching - text
2017-01-16 23:59:21,304 [CP Server Th] [INFO ]  ------------------------------------------------------------------
2017-01-16 23:59:21,305 [CP Server Th] [INFO ]  ::                            HORUS                             ::
2017-01-16 23:59:21,305 [CP Server Th] [INFO ]  ------------------------------------------------------------------
2017-01-16 23:59:21,305 [CP Server Th] [INFO ]  :: loading components...
2017-01-16 23:59:22,387 [CP Server Th] [INFO ]  :: processing text
2017-01-16 23:59:22,387 [CP Server Th] [INFO ]  :: text: rene speak
2017-01-16 23:59:22,387 [CP Server Th] [INFO ]  :: tokenizing sentences ...
2017-01-16 23:59:22,434 [CP Server Th] [INFO ]  :: processing 1 sentence(s).
2017-01-16 23:59:23,161 [CP Server Th] [INFO ]  :: caching 1 sentence(s)
2017-01-16 23:59:23,164 [CP Server Th] [INFO ]  :: done!
2017-01-16 23:59:23,164 [CP Server Th] [INFO ]  :: caching results...
2017-01-16 23:59:23,164 [CP Server Th] [INFO ]  :: caching horus_matrix: 3
2017-01-16 23:59:23,165 [CP Server Th] [INFO ]  :: item 1 - 3 
2017-01-16 23:59:23,166 [CP Server Th] [INFO ]  :: [rene speak] has not been cached before!
2017-01-16 23:59:23,173 [CP Server Th] [INFO ]  :: [rene speak] caching - text
2017-01-16 23:59:24,195 [CP Server Th] [INFO ]  :: [rene speak] caching - image
2017-01-17 00:00:12,867 [CP Server Th] [INFO ]  ------------------------------------------------------------------
2017-01-17 00:00:12,868 [CP Server Th] [INFO ]  ::                            HORUS                             ::
2017-01-17 00:00:12,868 [CP Server Th] [INFO ]  ------------------------------------------------------------------
2017-01-17 00:00:12,868 [CP Server Th] [INFO ]  :: loading components...
2017-01-17 00:00:15,591 [CP Server Th] [INFO ]  :: processing text
2017-01-17 00:00:15,591 [CP Server Th] [INFO ]  :: text: rene speak
2017-01-17 00:00:15,591 [CP Server Th] [INFO ]  :: tokenizing sentences ...
2017-01-17 00:00:15,634 [CP Server Th] [INFO ]  :: processing 1 sentence(s).
2017-01-17 00:00:16,332 [CP Server Th] [INFO ]  :: caching 1 sentence(s)
2017-01-17 00:00:16,335 [CP Server Th] [INFO ]  :: done!
2017-01-17 00:00:16,335 [CP Server Th] [INFO ]  :: caching results...
2017-01-17 00:00:16,335 [CP Server Th] [INFO ]  :: caching horus_matrix: 3
2017-01-17 00:00:16,335 [CP Server Th] [INFO ]  :: item 1 - 3 
2017-01-17 00:00:16,347 [CP Server Th] [INFO ]  :: [rene speak] caching - image
2017-01-17 00:00:19,076 [CP Server Th] [INFO ]  :: item 2 - 3 
2017-01-17 00:00:19,079 [CP Server Th] [INFO ]  :: [rene] has not been cached before!
2017-01-17 00:00:19,086 [CP Server Th] [INFO ]  :: [rene] caching - text
2017-01-17 00:00:20,046 [CP Server Th] [INFO ]  :: [rene] caching - image
2017-01-17 00:00:22,212 [CP Server Th] [INFO ]  :: item 3 - 3 
2017-01-17 00:00:22,224 [CP Server Th] [INFO ]  :: done!
2017-01-17 00:00:22,224 [CP Server Th] [INFO ]  :: detecting 3 objects...
2017-01-17 00:00:22,224 [CP Server Th] [INFO ]  :: processing item 1 of 3
2017-01-17 00:01:11,793 [CP Server Th] [INFO ]  ------------------------------------------------------------------
2017-01-17 00:01:11,793 [CP Server Th] [INFO ]  ::                            HORUS                             ::
2017-01-17 00:01:11,793 [CP Server Th] [INFO ]  ------------------------------------------------------------------
2017-01-17 00:01:11,793 [CP Server Th] [INFO ]  :: loading components...
2017-01-17 00:01:14,090 [CP Server Th] [INFO ]  :: processing text
2017-01-17 00:01:14,090 [CP Server Th] [INFO ]  :: text: rene speak
2017-01-17 00:01:14,090 [CP Server Th] [INFO ]  :: tokenizing sentences ...
2017-01-17 00:01:14,138 [CP Server Th] [INFO ]  :: processing 1 sentence(s).
2017-01-17 00:01:14,972 [CP Server Th] [INFO ]  :: caching 1 sentence(s)
2017-01-17 00:01:14,979 [CP Server Th] [INFO ]  :: done!
2017-01-17 00:01:14,979 [CP Server Th] [INFO ]  :: caching results...
2017-01-17 00:01:14,979 [CP Server Th] [INFO ]  :: caching horus_matrix: 3
2017-01-17 00:01:14,979 [CP Server Th] [INFO ]  :: item 1 - 3 
2017-01-17 00:01:14,992 [CP Server Th] [INFO ]  :: item 2 - 3 
2017-01-17 00:01:15,002 [CP Server Th] [INFO ]  :: item 3 - 3 
2017-01-17 00:01:15,010 [CP Server Th] [INFO ]  :: done!
2017-01-17 00:01:15,010 [CP Server Th] [INFO ]  :: detecting 3 objects...
2017-01-17 00:01:15,010 [CP Server Th] [INFO ]  :: processing item 1 of 3
2017-01-17 00:01:21,878 [CP Server Th] [ERROR]  :: Error: 'ascii' codec can't decode byte 0xe2 in position 0: ordinal not in range(128)
2017-01-17 00:01:22,948 [CP Server Th] [ERROR]  :: Error: format not found
2017-01-17 00:01:22,950 [CP Server Th] [ERROR]  :: Error: 'ascii' codec can't decode byte 0xe2 in position 0: ordinal not in range(128)
2017-01-17 00:01:22,999 [CP Server Th] [ERROR]  :: Error: 'ascii' codec can't decode byte 0xc2 in position 0: ordinal not in range(128)
2017-01-17 00:01:23,280 [CP Server Th] [ERROR]  :: Error: format not found
2017-01-17 00:01:23,281 [CP Server Th] [ERROR]  :: Error: 'ascii' codec can't decode byte 0xe2 in position 0: ordinal not in range(128)
2017-01-17 00:01:23,293 [CP Server Th] [ERROR]  :: Error: 'ascii' codec can't decode byte 0xc3 in position 0: ordinal not in range(128)
2017-01-17 00:01:23,295 [CP Server Th] [ERROR]  :: Error: 'ascii' codec can't decode byte 0xc3 in position 0: ordinal not in range(128)
2017-01-17 00:01:23,336 [CP Server Th] [ERROR]  :: Error: format not found
2017-01-17 00:01:23,337 [CP Server Th] [ERROR]  :: Error: 'ascii' codec can't decode byte 0xc3 in position 0: ordinal not in range(128)
2017-01-17 00:01:23,337 [CP Server Th] [INFO ]  :: processing item 2 of 3
2017-01-17 00:01:29,913 [CP Server Th] [ERROR]  :: Error: 'ascii' codec can't decode byte 0xc3 in position 0: ordinal not in range(128)
2017-01-17 00:01:29,938 [CP Server Th] [ERROR]  :: Error: format not found
2017-01-17 00:01:31,501 [CP Server Th] [ERROR]  :: Error: format not found
2017-01-17 00:01:31,517 [CP Server Th] [ERROR]  :: Error: format not found
2017-01-17 00:01:31,518 [CP Server Th] [ERROR]  :: Error: 'ascii' codec can't decode byte 0xc3 in position 0: ordinal not in range(128)
2017-01-17 00:01:31,520 [CP Server Th] [ERROR]  :: Error: 'ascii' codec can't decode byte 0xc3 in position 0: ordinal not in range(128)
2017-01-17 00:01:32,619 [CP Server Th] [ERROR]  :: Error: format not found
2017-01-17 00:01:32,621 [CP Server Th] [ERROR]  :: Error: 'ascii' codec can't decode byte 0xc3 in position 0: ordinal not in range(128)
2017-01-17 00:01:34,482 [CP Server Th] [ERROR]  :: Error: format not found
2017-01-17 00:01:34,495 [CP Server Th] [ERROR]  :: Error: format not found
2017-01-17 00:01:34,496 [CP Server Th] [INFO ]  :: processing item 3 of 3
2017-01-17 00:01:34,613 [CP Server Th] [ERROR]  :: Error: 'ascii' codec can't decode byte 0xe2 in position 0: ordinal not in range(128)
2017-01-17 00:01:34,614 [CP Server Th] [ERROR]  :: Error: 'ascii' codec can't decode byte 0xd1 in position 0: ordinal not in range(128)
2017-01-17 00:01:34,615 [CP Server Th] [ERROR]  :: Error: 'ascii' codec can't decode byte 0xc4 in position 0: ordinal not in range(128)
2017-01-17 00:01:34,616 [CP Server Th] [ERROR]  :: Error: 'ascii' codec can't decode byte 0xe2 in position 0: ordinal not in range(128)
2017-01-17 00:01:34,616 [CP Server Th] [INFO ]  :: done!
2017-01-17 00:01:34,617 [CP Server Th] [INFO ]  :: updating compounds...
2017-01-17 00:01:34,617 [CP Server Th] [INFO ]  :: updating compounds predictions
2017-01-17 00:01:34,617 [CP Server Th] [INFO ]  :: done
2017-01-17 00:01:34,617 [CP Server Th] [INFO ]  :: done!
2017-01-17 00:01:34,617 [CP Server Th] [INFO ]  :: sentence:  rene/NOUN/NN/PER speak/NOUN/NN/PER
2017-01-17 00:01:34,617 [CP Server Th] [INFO ]  :: exporting metadata...
2017-01-17 00:03:18,625 [CP Server Th] [INFO ]  ------------------------------------------------------------------
2017-01-17 00:03:18,625 [CP Server Th] [INFO ]  ------------------------------------------------------------------
2017-01-17 00:03:18,625 [CP Server Th] [INFO ]  ::                            HORUS                             ::
2017-01-17 00:03:18,625 [CP Server Th] [INFO ]  ::                            HORUS                             ::
2017-01-17 00:03:18,625 [CP Server Th] [INFO ]  ------------------------------------------------------------------
2017-01-17 00:03:18,625 [CP Server Th] [INFO ]  ------------------------------------------------------------------
2017-01-17 00:03:18,626 [CP Server Th] [INFO ]  :: loading components...
2017-01-17 00:03:18,626 [CP Server Th] [INFO ]  :: loading components...
2017-01-17 00:03:19,351 [CP Server Th] [INFO ]  :: processing text
2017-01-17 00:03:19,351 [CP Server Th] [INFO ]  :: processing text
2017-01-17 00:03:19,351 [CP Server Th] [INFO ]  :: text: rene speck was born in germany but likes nyc
2017-01-17 00:03:19,351 [CP Server Th] [INFO ]  :: text: rene speck was born in germany but likes nyc
2017-01-17 00:03:19,351 [CP Server Th] [INFO ]  :: tokenizing sentences ...
2017-01-17 00:03:19,351 [CP Server Th] [INFO ]  :: tokenizing sentences ...
2017-01-17 00:03:19,351 [CP Server Th] [INFO ]  :: processing 1 sentence(s).
2017-01-17 00:03:19,351 [CP Server Th] [INFO ]  :: processing 1 sentence(s).
2017-01-17 00:03:19,355 [CP Server Th] [INFO ]  :: caching 1 sentence(s)
2017-01-17 00:03:19,355 [CP Server Th] [INFO ]  :: caching 1 sentence(s)
2017-01-17 00:03:19,357 [CP Server Th] [INFO ]  :: caching sentence: rene speck was born in germany but likes nyc
2017-01-17 00:03:19,357 [CP Server Th] [INFO ]  :: caching sentence: rene speck was born in germany but likes nyc
2017-01-17 00:03:19,359 [CP Server Th] [INFO ]  :: done!
2017-01-17 00:03:19,359 [CP Server Th] [INFO ]  :: done!
2017-01-17 00:03:19,359 [CP Server Th] [INFO ]  :: caching results...
2017-01-17 00:03:19,359 [CP Server Th] [INFO ]  :: caching results...
2017-01-17 00:03:19,359 [CP Server Th] [INFO ]  :: caching horus_matrix: 10
2017-01-17 00:03:19,359 [CP Server Th] [INFO ]  :: caching horus_matrix: 10
2017-01-17 00:03:19,360 [CP Server Th] [INFO ]  :: item 1 - 10 
2017-01-17 00:03:19,360 [CP Server Th] [INFO ]  :: item 1 - 10 
2017-01-17 00:03:19,361 [CP Server Th] [INFO ]  :: [rene speck] has not been cached before!
2017-01-17 00:03:19,361 [CP Server Th] [INFO ]  :: [rene speck] has not been cached before!
2017-01-17 00:03:19,366 [CP Server Th] [INFO ]  :: [rene speck] caching - text
2017-01-17 00:03:19,366 [CP Server Th] [INFO ]  :: [rene speck] caching - text
2017-01-17 00:03:20,373 [CP Server Th] [INFO ]  :: [rene speck] caching - image
2017-01-17 00:03:20,373 [CP Server Th] [INFO ]  :: [rene speck] caching - image
2017-01-17 00:03:22,613 [CP Server Th] [INFO ]  :: item 2 - 10 
2017-01-17 00:03:22,613 [CP Server Th] [INFO ]  :: item 2 - 10 
2017-01-17 00:03:22,626 [CP Server Th] [INFO ]  :: item 3 - 10 
2017-01-17 00:03:22,626 [CP Server Th] [INFO ]  :: item 3 - 10 
2017-01-17 00:03:22,630 [CP Server Th] [INFO ]  :: [speck] has not been cached before!
2017-01-17 00:03:22,630 [CP Server Th] [INFO ]  :: [speck] has not been cached before!
2017-01-17 00:03:22,635 [CP Server Th] [INFO ]  :: [speck] caching - text
2017-01-17 00:03:22,635 [CP Server Th] [INFO ]  :: [speck] caching - text
2017-01-17 00:03:23,753 [CP Server Th] [INFO ]  :: [speck] caching - image
2017-01-17 00:03:23,753 [CP Server Th] [INFO ]  :: [speck] caching - image
2017-01-17 00:03:25,780 [CP Server Th] [INFO ]  :: item 4 - 10 
2017-01-17 00:03:25,780 [CP Server Th] [INFO ]  :: item 4 - 10 
2017-01-17 00:03:25,780 [CP Server Th] [INFO ]  :: item 5 - 10 
2017-01-17 00:03:25,780 [CP Server Th] [INFO ]  :: item 5 - 10 
2017-01-17 00:03:25,780 [CP Server Th] [INFO ]  :: item 6 - 10 
2017-01-17 00:03:25,780 [CP Server Th] [INFO ]  :: item 6 - 10 
2017-01-17 00:03:25,780 [CP Server Th] [INFO ]  :: item 7 - 10 
2017-01-17 00:03:25,780 [CP Server Th] [INFO ]  :: item 7 - 10 
2017-01-17 00:03:25,788 [CP Server Th] [INFO ]  :: item 8 - 10 
2017-01-17 00:03:25,788 [CP Server Th] [INFO ]  :: item 8 - 10 
2017-01-17 00:03:25,789 [CP Server Th] [INFO ]  :: item 9 - 10 
2017-01-17 00:03:25,789 [CP Server Th] [INFO ]  :: item 9 - 10 
2017-01-17 00:03:25,789 [CP Server Th] [INFO ]  :: item 10 - 10 
2017-01-17 00:03:25,789 [CP Server Th] [INFO ]  :: item 10 - 10 
2017-01-17 00:03:25,797 [CP Server Th] [INFO ]  :: done!
2017-01-17 00:03:25,797 [CP Server Th] [INFO ]  :: done!
2017-01-17 00:03:25,797 [CP Server Th] [INFO ]  :: detecting 10 objects...
2017-01-17 00:03:25,797 [CP Server Th] [INFO ]  :: detecting 10 objects...
2017-01-17 00:03:25,797 [CP Server Th] [INFO ]  :: processing item 1 of 10
2017-01-17 00:03:25,797 [CP Server Th] [INFO ]  :: processing item 1 of 10
2017-01-17 00:03:35,304 [CP Server Th] [ERROR]  :: Error: 'ascii' codec can't decode byte 0xc3 in position 0: ordinal not in range(128)
2017-01-17 00:03:35,304 [CP Server Th] [ERROR]  :: Error: 'ascii' codec can't decode byte 0xc3 in position 0: ordinal not in range(128)
2017-01-17 00:03:35,305 [CP Server Th] [ERROR]  :: Error: 'ascii' codec can't decode byte 0xc3 in position 0: ordinal not in range(128)
2017-01-17 00:03:35,305 [CP Server Th] [ERROR]  :: Error: 'ascii' codec can't decode byte 0xc3 in position 0: ordinal not in range(128)
2017-01-17 00:03:35,336 [CP Server Th] [ERROR]  :: Error: format not found
2017-01-17 00:03:35,336 [CP Server Th] [ERROR]  :: Error: format not found
2017-01-17 00:03:35,337 [CP Server Th] [ERROR]  :: Error: 'ascii' codec can't decode byte 0xc3 in position 0: ordinal not in range(128)
2017-01-17 00:03:35,337 [CP Server Th] [ERROR]  :: Error: 'ascii' codec can't decode byte 0xc3 in position 0: ordinal not in range(128)
2017-01-17 00:03:35,338 [CP Server Th] [ERROR]  :: Error: 'ascii' codec can't decode byte 0xc3 in position 0: ordinal not in range(128)
2017-01-17 00:03:35,338 [CP Server Th] [ERROR]  :: Error: 'ascii' codec can't decode byte 0xc3 in position 0: ordinal not in range(128)
2017-01-17 00:03:35,339 [CP Server Th] [ERROR]  :: Error: 'ascii' codec can't decode byte 0xc3 in position 0: ordinal not in range(128)
2017-01-17 00:03:35,339 [CP Server Th] [ERROR]  :: Error: 'ascii' codec can't decode byte 0xc3 in position 0: ordinal not in range(128)
2017-01-17 00:03:40,250 [CP Server Th] [ERROR]  :: Error: format not found
2017-01-17 00:03:40,250 [CP Server Th] [ERROR]  :: Error: format not found
2017-01-17 00:03:40,302 [CP Server Th] [ERROR]  :: Error: format not found
2017-01-17 00:03:40,302 [CP Server Th] [ERROR]  :: Error: format not found
2017-01-17 00:03:40,319 [CP Server Th] [ERROR]  :: Error: 'ascii' codec can't decode byte 0xc3 in position 0: ordinal not in range(128)
2017-01-17 00:03:40,319 [CP Server Th] [ERROR]  :: Error: 'ascii' codec can't decode byte 0xc3 in position 0: ordinal not in range(128)
2017-01-17 00:03:40,369 [CP Server Th] [ERROR]  :: Error: format not found
2017-01-17 00:03:40,369 [CP Server Th] [ERROR]  :: Error: format not found
2017-01-17 00:03:40,370 [CP Server Th] [INFO ]  :: processing item 2 of 10
2017-01-17 00:03:40,370 [CP Server Th] [INFO ]  :: processing item 2 of 10
2017-01-17 00:03:40,548 [CP Server Th] [ERROR]  :: Error: 'ascii' codec can't decode byte 0xc3 in position 0: ordinal not in range(128)
2017-01-17 00:03:40,548 [CP Server Th] [ERROR]  :: Error: 'ascii' codec can't decode byte 0xc3 in position 0: ordinal not in range(128)
2017-01-17 00:03:40,549 [CP Server Th] [ERROR]  :: Error: format not found
2017-01-17 00:03:40,549 [CP Server Th] [ERROR]  :: Error: format not found
2017-01-17 00:03:40,549 [CP Server Th] [ERROR]  :: Error: format not found
2017-01-17 00:03:40,549 [CP Server Th] [ERROR]  :: Error: format not found
2017-01-17 00:03:40,549 [CP Server Th] [ERROR]  :: Error: format not found
2017-01-17 00:03:40,549 [CP Server Th] [ERROR]  :: Error: format not found
2017-01-17 00:03:40,550 [CP Server Th] [ERROR]  :: Error: 'ascii' codec can't decode byte 0xc3 in position 0: ordinal not in range(128)
2017-01-17 00:03:40,550 [CP Server Th] [ERROR]  :: Error: 'ascii' codec can't decode byte 0xc3 in position 0: ordinal not in range(128)
2017-01-17 00:03:40,551 [CP Server Th] [ERROR]  :: Error: 'ascii' codec can't decode byte 0xc3 in position 0: ordinal not in range(128)
2017-01-17 00:03:40,551 [CP Server Th] [ERROR]  :: Error: 'ascii' codec can't decode byte 0xc3 in position 0: ordinal not in range(128)
2017-01-17 00:03:40,552 [CP Server Th] [ERROR]  :: Error: format not found
2017-01-17 00:03:40,552 [CP Server Th] [ERROR]  :: Error: format not found
2017-01-17 00:03:40,553 [CP Server Th] [ERROR]  :: Error: 'ascii' codec can't decode byte 0xc3 in position 0: ordinal not in range(128)
2017-01-17 00:03:40,553 [CP Server Th] [ERROR]  :: Error: 'ascii' codec can't decode byte 0xc3 in position 0: ordinal not in range(128)
2017-01-17 00:03:40,553 [CP Server Th] [ERROR]  :: Error: format not found
2017-01-17 00:03:40,553 [CP Server Th] [ERROR]  :: Error: format not found
2017-01-17 00:03:40,554 [CP Server Th] [ERROR]  :: Error: format not found
2017-01-17 00:03:40,554 [CP Server Th] [ERROR]  :: Error: format not found
2017-01-17 00:03:40,554 [CP Server Th] [INFO ]  :: processing item 3 of 10
2017-01-17 00:03:40,554 [CP Server Th] [INFO ]  :: processing item 3 of 10
2017-01-17 00:03:50,452 [CP Server Th] [ERROR]  :: Error: format not found
2017-01-17 00:03:50,452 [CP Server Th] [ERROR]  :: Error: format not found
2017-01-17 00:03:50,509 [CP Server Th] [ERROR]  :: Error: format not found
2017-01-17 00:03:50,509 [CP Server Th] [ERROR]  :: Error: format not found
2017-01-17 00:03:50,542 [CP Server Th] [ERROR]  :: Error: format not found
2017-01-17 00:03:50,542 [CP Server Th] [ERROR]  :: Error: format not found
2017-01-17 00:03:50,613 [CP Server Th] [ERROR]  :: Error: format not found
2017-01-17 00:03:50,613 [CP Server Th] [ERROR]  :: Error: format not found
2017-01-17 00:03:50,664 [CP Server Th] [ERROR]  :: Error: format not found
2017-01-17 00:03:50,664 [CP Server Th] [ERROR]  :: Error: format not found
2017-01-17 00:03:50,707 [CP Server Th] [ERROR]  :: Error: format not found
2017-01-17 00:03:50,707 [CP Server Th] [ERROR]  :: Error: format not found
2017-01-17 00:03:50,746 [CP Server Th] [ERROR]  :: Error: 'ascii' codec can't decode byte 0xe2 in position 0: ordinal not in range(128)
2017-01-17 00:03:50,746 [CP Server Th] [ERROR]  :: Error: 'ascii' codec can't decode byte 0xe2 in position 0: ordinal not in range(128)
2017-01-17 00:03:52,267 [CP Server Th] [ERROR]  :: Error: format not found
2017-01-17 00:03:52,267 [CP Server Th] [ERROR]  :: Error: format not found
2017-01-17 00:03:52,277 [CP Server Th] [ERROR]  :: Error: 'ascii' codec can't decode byte 0xc4 in position 0: ordinal not in range(128)
2017-01-17 00:03:52,277 [CP Server Th] [ERROR]  :: Error: 'ascii' codec can't decode byte 0xc4 in position 0: ordinal not in range(128)
2017-01-17 00:03:52,295 [CP Server Th] [ERROR]  :: Error: format not found
2017-01-17 00:03:52,295 [CP Server Th] [ERROR]  :: Error: format not found
2017-01-17 00:03:52,296 [CP Server Th] [INFO ]  :: processing item 7 of 10
2017-01-17 00:03:52,296 [CP Server Th] [INFO ]  :: processing item 7 of 10
2017-01-17 00:03:55,509 [CP Server Th] [WARNI]  :: feature extraction error!
2017-01-17 00:03:55,509 [CP Server Th] [WARNI]  :: feature extraction error!
2017-01-17 00:03:55,515 [CP Server Th] [WARNI]  :: feature extraction error!
2017-01-17 00:03:55,515 [CP Server Th] [WARNI]  :: feature extraction error!
2017-01-17 00:03:55,523 [CP Server Th] [WARNI]  :: feature extraction error!
2017-01-17 00:03:55,523 [CP Server Th] [WARNI]  :: feature extraction error!
2017-01-17 00:03:55,529 [CP Server Th] [WARNI]  :: feature extraction error!
2017-01-17 00:03:55,529 [CP Server Th] [WARNI]  :: feature extraction error!
2017-01-17 00:03:55,534 [CP Server Th] [WARNI]  :: feature extraction error!
2017-01-17 00:03:55,534 [CP Server Th] [WARNI]  :: feature extraction error!
2017-01-17 00:03:55,544 [CP Server Th] [WARNI]  :: feature extraction error!
2017-01-17 00:03:55,544 [CP Server Th] [WARNI]  :: feature extraction error!
2017-01-17 00:03:55,554 [CP Server Th] [WARNI]  :: feature extraction error!
2017-01-17 00:03:55,554 [CP Server Th] [WARNI]  :: feature extraction error!
2017-01-17 00:03:55,561 [CP Server Th] [WARNI]  :: feature extraction error!
2017-01-17 00:03:55,561 [CP Server Th] [WARNI]  :: feature extraction error!
2017-01-17 00:03:55,568 [CP Server Th] [WARNI]  :: feature extraction error!
2017-01-17 00:03:55,568 [CP Server Th] [WARNI]  :: feature extraction error!
2017-01-17 00:03:55,577 [CP Server Th] [WARNI]  :: feature extraction error!
2017-01-17 00:03:55,577 [CP Server Th] [WARNI]  :: feature extraction error!
2017-01-17 00:03:55,584 [CP Server Th] [WARNI]  :: feature extraction error!
2017-01-17 00:03:55,584 [CP Server Th] [WARNI]  :: feature extraction error!
2017-01-17 00:04:10,106 [CP Server Th] [INFO ]  :: processing item 10 of 10
2017-01-17 00:04:10,106 [CP Server Th] [INFO ]  :: processing item 10 of 10
2017-01-17 00:04:10,266 [CP Server Th] [INFO ]  :: done!
2017-01-17 00:04:10,266 [CP Server Th] [INFO ]  :: done!
2017-01-17 00:04:10,267 [CP Server Th] [INFO ]  :: updating compounds...
2017-01-17 00:04:10,267 [CP Server Th] [INFO ]  :: updating compounds...
2017-01-17 00:04:10,267 [CP Server Th] [INFO ]  :: updating compounds predictions
2017-01-17 00:04:10,267 [CP Server Th] [INFO ]  :: updating compounds predictions
2017-01-17 00:04:10,267 [CP Server Th] [INFO ]  :: done
2017-01-17 00:04:10,267 [CP Server Th] [INFO ]  :: done
2017-01-17 00:04:10,267 [CP Server Th] [INFO ]  :: done!
2017-01-17 00:04:10,267 [CP Server Th] [INFO ]  :: done!
2017-01-17 00:04:10,267 [CP Server Th] [INFO ]  :: sentence:  rene/NOUN/NN/PER speck/NOUN/NN/PER was/VERB/VBD/0 born/VERB/VBN/0 in/ADP/IN/0 germany/NOUN/NN/LOC but/CONJ/CC/0 likes/VERB/VBZ/0 nyc/NOUN/NNS/LOC
2017-01-17 00:04:10,267 [CP Server Th] [INFO ]  :: sentence:  rene/NOUN/NN/PER speck/NOUN/NN/PER was/VERB/VBD/0 born/VERB/VBN/0 in/ADP/IN/0 germany/NOUN/NN/LOC but/CONJ/CC/0 likes/VERB/VBZ/0 nyc/NOUN/NNS/LOC
2017-01-17 00:04:10,268 [CP Server Th] [INFO ]  :: exporting metadata...
2017-01-17 00:04:10,268 [CP Server Th] [INFO ]  :: exporting metadata...
